Args: pva -p hsp -t spi -f /users/jpduarte/research/cmdp/userexample/project1/hspicesimulations/idvg/hspicesimaux.pvadir/pvaHDL.lis -o /users/jpduarte/research/cmdp/userexample/project1/hspicesimulations/idvg/hspicesimaux.pvadir

==> Start pvaCG on Mon Apr  6 01:38:04 2015


Begin of pVA compiling on Mon Apr  6 01:38:04 2015

Parsing '/users/jpduarte/BSIM_CM_Matlab/BSIM_model_development_v2/DM_Verilog_Hspice/Models_Verilog/BSIMIMG/code/bsimimg.va'
Parsing include file '/tools/synopsys/hspice/G-2012.06-ENG1/hspice/include/constants.vams'
Parsing include file '/tools/synopsys/hspice/G-2012.06-ENG1/hspice/include/disciplines.vams'
Parsing include file '/users/jpduarte/BSIM_CM_Matlab/BSIM_model_development_v2/DM_Verilog_Hspice/Models_Verilog/BSIMIMG/code/common_defs.include'
Parsing include file '/users/jpduarte/BSIM_CM_Matlab/BSIM_model_development_v2/DM_Verilog_Hspice/Models_Verilog/BSIMIMG/code/bsimimg_body.include'
Parsing include file '/users/jpduarte/BSIM_CM_Matlab/BSIM_model_development_v2/DM_Verilog_Hspice/Models_Verilog/BSIMIMG/code/bsimimg_binning.include'

End of pVA compiling on Mon Apr  6 01:38:05 2015


End of build pVA DB on Mon Apr  6 01:38:05 2015

*pvaI* Module (bsimimg): 4 unexpanded port, 0 init, 981 behav, 41 contrib, 110/1295 expr(s)*pvaI* 
*pvaI*        Has DIS (ST SB), 9 afCount
*pvaI*        0 const-G and 0 const-C, Has switch branch.
*pvaI* Module (bsimimg): generated 3 flow node(s) during compilation.

End of pVA genC on Mon Apr  6 01:38:06 2015

*pvaI* #### Total 715 line-size(s), 110 expr(s), 41 contr(s), 0 init(s), 981 behav(s), 4 port(s)

Generating /users/jpduarte/research/cmdp/userexample/project1/hspicesimulations/idvg/hspicesimaux.pvadir/pvaRTL_linux.so


End of submitting pVA /users/jpduarte/research/cmdp/userexample/project1/hspicesimulations/idvg/hspicesimaux.pvadir/pvaRTL.mak on Mon Apr  6 01:38:09 2015


End of pVA elaboration on Mon Apr  6 01:38:09 2015

